[27/Dec/2018 14:15:32] "GET /admin/ HTTP/1.1" 302 0
[27/Dec/2018 14:15:32] "GET /admin/ HTTP/1.1" 302 0
[27/Dec/2018 14:15:33] "GET /admin/login/?next=/admin/ HTTP/1.1" 200 1660
[27/Dec/2018 14:15:33] "GET /admin/login/?next=/admin/ HTTP/1.1" 200 1660
[27/Dec/2018 14:15:35] "POST /admin/login/?next=/admin/ HTTP/1.1" 302 0
[27/Dec/2018 14:15:35] "GET /admin/ HTTP/1.1" 200 7366
[27/Dec/2018 14:15:35] "GET /static/admin/css/base.css HTTP/1.1" 200 16066
[27/Dec/2018 14:15:50] "GET /admin/ HTTP/1.1" 200 7366
[27/Dec/2018 14:15:53] "GET /admin/ HTTP/1.1" 302 0
[27/Dec/2018 14:15:53] "GET /admin/login/?next=/admin/ HTTP/1.1" 200 1660
[27/Dec/2018 14:15:53] "GET /static/admin/css/login.css HTTP/1.1" 200 1203
[27/Dec/2018 14:16:01] "POST /admin/login/?next=/admin/ HTTP/1.1" 302 0
[27/Dec/2018 14:16:01] "GET /admin/ HTTP/1.1" 200 7366
[27/Dec/2018 14:17:04] "GET /admin/ HTTP/1.1" 200 7366
[27/Dec/2018 14:17:17] "GET /admin/ HTTP/1.1" 200 7366
[27/Dec/2018 14:17:20] "GET /admin/lab/sample/ HTTP/1.1" 200 62885
[27/Dec/2018 14:17:20] "GET /admin/jsi18n/ HTTP/1.1" 200 7758
[27/Dec/2018 14:17:41] "POST /admin/lab/sample/ HTTP/1.1" 200 4622
[27/Dec/2018 14:17:42] "POST /admin/lab/sample/ HTTP/1.1" 302 0
[27/Dec/2018 14:17:43] "GET /admin/lab/sample/ HTTP/1.1" 200 62866
[27/Dec/2018 14:17:43] "GET /admin/jsi18n/ HTTP/1.1" 200 7758
[27/Dec/2018 14:18:11] "GET /admin/ HTTP/1.1" 302 0
[27/Dec/2018 14:18:11] "GET /admin/login/?next=/admin/ HTTP/1.1" 200 1660
[27/Dec/2018 14:18:12] "POST /admin/login/?next=/admin/ HTTP/1.1" 302 0
[27/Dec/2018 14:18:12] "GET /admin/ HTTP/1.1" 200 6844
[27/Dec/2018 14:18:12] "GET /static/admin/img/icon-deletelink.svg HTTP/1.1" 200 392
[27/Dec/2018 14:18:14] "GET /admin/lab/sample/ HTTP/1.1" 200 62744
[27/Dec/2018 14:18:14] "GET /admin/jsi18n/ HTTP/1.1" 200 7758
[27/Dec/2018 14:18:40] "GET /admin/lab/ HTTP/1.1" 200 2576
[27/Dec/2018 14:18:42] "GET /admin/ HTTP/1.1" 200 6844
[27/Dec/2018 14:18:43] "GET /admin/paper/paper/ HTTP/1.1" 200 5928
[27/Dec/2018 14:18:43] "GET /admin/jsi18n/ HTTP/1.1" 200 7758
[27/Dec/2018 14:18:44] "GET /admin/paper/paper/1/change/ HTTP/1.1" 200 7925
[27/Dec/2018 14:18:44] "GET /admin/jsi18n/ HTTP/1.1" 200 7758
[27/Dec/2018 14:18:51] "GET /media/SGRNJ/Database/test/1.11/lab_project/media/paper/pdf/2017_celRep_glio.pdf HTTP/1.1" 200 3860545
[27/Dec/2018 14:18:53] "GET /admin/paper/paper/1/change/ HTTP/1.1" 200 7925
[29/Dec/2018 09:23:03] "GET /admin/ HTTP/1.1" 302 0
[29/Dec/2018 09:23:05] "GET /admin/login/?next=/admin/ HTTP/1.1" 200 1660
[29/Dec/2018 09:23:05] "GET /static/admin/css/base.css HTTP/1.1" 200 16066
[29/Dec/2018 09:23:05] "GET /static/admin/css/login.css HTTP/1.1" 200 1203
[29/Dec/2018 09:23:05] "GET /static/admin/css/fonts.css HTTP/1.1" 200 423
Not Found: /favicon.ico
[29/Dec/2018 09:23:05] "GET /favicon.ico HTTP/1.1" 404 2197
[29/Dec/2018 09:23:05] "GET /static/admin/fonts/Roboto-Light-webfont.woff HTTP/1.1" 200 81348
[29/Dec/2018 09:23:05] "GET /static/admin/fonts/Roboto-Regular-webfont.woff HTTP/1.1" 200 80304
[29/Dec/2018 09:23:10] "POST /admin/login/?next=/admin/ HTTP/1.1" 302 0
[29/Dec/2018 09:23:10] "GET /admin/ HTTP/1.1" 200 6844
[29/Dec/2018 09:23:10] "GET /static/admin/css/dashboard.css HTTP/1.1" 200 412
[29/Dec/2018 09:23:10] "GET /static/admin/fonts/Roboto-Bold-webfont.woff HTTP/1.1" 200 82564
[29/Dec/2018 09:23:10] "GET /static/admin/img/icon-deletelink.svg HTTP/1.1" 200 392
[29/Dec/2018 09:23:10] "GET /static/admin/img/icon-changelink.svg HTTP/1.1" 200 380
[29/Dec/2018 09:23:10] "GET /static/admin/img/icon-addlink.svg HTTP/1.1" 200 331
[29/Dec/2018 09:23:13] "GET /admin/lab/sample/ HTTP/1.1" 200 62744
[29/Dec/2018 09:23:13] "GET /static/admin/css/changelists.css HTTP/1.1" 200 6170
[29/Dec/2018 09:23:13] "GET /admin/jsi18n/ HTTP/1.1" 200 7758
[29/Dec/2018 09:23:13] "GET /static/admin/js/core.js HTTP/1.1" 200 7976
[29/Dec/2018 09:23:13] "GET /static/admin/js/vendor/jquery/jquery.js HTTP/1.1" 200 258648
[29/Dec/2018 09:23:13] "GET /static/admin/js/jquery.init.js HTTP/1.1" 200 363
[29/Dec/2018 09:23:13] "GET /static/admin/js/urlify.js HTTP/1.1" 200 8186
[29/Dec/2018 09:23:13] "GET /static/admin/js/prepopulate.js HTTP/1.1" 200 1538
[29/Dec/2018 09:23:13] "GET /static/admin/js/actions.js HTTP/1.1" 200 6501
[29/Dec/2018 09:23:13] "GET /static/admin/js/admin/RelatedObjectLookups.js HTTP/1.1" 200 6591
[29/Dec/2018 09:23:13] "GET /static/admin/js/vendor/xregexp/xregexp.js HTTP/1.1" 200 128820
[29/Dec/2018 09:23:13] "GET /static/admin/img/search.svg HTTP/1.1" 200 458
[29/Dec/2018 09:23:14] "GET /static/admin/img/tooltag-add.svg HTTP/1.1" 200 331
[29/Dec/2018 09:30:43] "GET /admin/lab/ HTTP/1.1" 200 2576
[29/Dec/2018 09:30:45] "GET /admin/lab/project/ HTTP/1.1" 200 25340
[29/Dec/2018 09:30:45] "GET /admin/jsi18n/ HTTP/1.1" 200 7758
[29/Dec/2018 09:30:54] "GET /admin/lab/project/33/change/ HTTP/1.1" 200 9773
[29/Dec/2018 09:30:54] "GET /admin/jsi18n/ HTTP/1.1" 200 7758
[29/Dec/2018 09:30:54] "GET /static/admin/css/forms.css HTTP/1.1" 200 8173
[29/Dec/2018 09:30:54] "GET /static/admin/js/admin/DateTimeShortcuts.js HTTP/1.1" 200 20529
[29/Dec/2018 09:30:54] "GET /static/admin/js/change_form.js HTTP/1.1" 200 712
[29/Dec/2018 09:30:54] "GET /static/admin/js/prepopulate_init.js HTTP/1.1" 200 495
[29/Dec/2018 09:30:54] "GET /static/admin/css/widgets.css HTTP/1.1" 200 10340
[29/Dec/2018 09:30:54] "GET /static/admin/js/calendar.js HTTP/1.1" 200 7790
[29/Dec/2018 09:30:54] "GET /static/admin/img/icon-calendar.svg HTTP/1.1" 200 1086
[29/Dec/2018 09:31:34] "GET /admin/lab/project/ HTTP/1.1" 302 0
[29/Dec/2018 09:31:34] "GET /admin/login/?next=/admin/lab/project/ HTTP/1.1" 200 1684
[29/Dec/2018 09:31:37] "GET /admin/lab/project/33/change/ HTTP/1.1" 302 0
[29/Dec/2018 09:31:37] "GET /admin/login/?next=/admin/lab/project/33/change/ HTTP/1.1" 200 1704
[29/Dec/2018 09:31:40] "POST /admin/login/?next=/admin/lab/project/33/change/ HTTP/1.1" 302 0
[29/Dec/2018 09:31:41] "GET /admin/lab/project/33/change/ HTTP/1.1" 200 9773
[29/Dec/2018 09:31:41] "GET /admin/jsi18n/ HTTP/1.1" 200 7758
[29/Dec/2018 09:31:43] "GET /admin/lab/project/ HTTP/1.1" 200 25340
[29/Dec/2018 09:31:43] "GET /admin/jsi18n/ HTTP/1.1" 200 7758
[29/Dec/2018 09:32:14] "GET /admin/lab/project/33/change/ HTTP/1.1" 200 9773
[29/Dec/2018 09:32:14] "GET /admin/jsi18n/ HTTP/1.1" 200 7758
[29/Dec/2018 09:32:26] "GET /admin/lab/project/ HTTP/1.1" 200 25340
[29/Dec/2018 09:39:26] "GET /admin/lab/project/?o=2 HTTP/1.1" 200 26557
[29/Dec/2018 09:39:26] "GET /admin/jsi18n/ HTTP/1.1" 200 7758
[29/Dec/2018 09:39:26] "GET /static/admin/img/sorting-icons.svg HTTP/1.1" 200 1097
[29/Dec/2018 09:39:50] "GET /media/SGRNJ/RandD/RD2018020/RD2018020_report/RD2018020.report.html HTTP/1.1" 200 4592328
[29/Dec/2018 09:39:50] "GET /media/SGRNJ/RandD/RD2018020/RD2018020_report/src/0.QC/KTT_T_Region.svg HTTP/1.1" 200 76255
[29/Dec/2018 09:39:50] "GET /media/SGRNJ/RandD/RD2018020/RD2018020_report/src/0.QC/KTT_T_UMIcounts.svg HTTP/1.1" 200 149533
[29/Dec/2018 09:39:50] "GET /media/SGRNJ/RandD/RD2018020/RD2018020_report/src/0.QC/FastQC_KTT_T.clean.png HTTP/1.1" 200 105916
[29/Dec/2018 09:39:50] "GET /media/SGRNJ/RandD/RD2018020/RD2018020_report/src/0.QC/FastQC_KTT_T.raw.png HTTP/1.1" 200 116300
[29/Dec/2018 09:39:50] "GET /media/SGRNJ/RandD/RD2018020/RD2018020_report/src/0.QC/KTT_T.biotype_pct.svg HTTP/1.1" 200 128003
[29/Dec/2018 09:39:50] "GET /media/SGRNJ/RandD/RD2018020/RD2018020_report/src/0.QC/KTT_T_downsampleMedianGenes.svg HTTP/1.1" 200 70603
[29/Dec/2018 09:39:50] "GET /media/SGRNJ/RandD/RD2018020/RD2018020_report/src/0.QC/KTT_T_downsampleSaturation.svg HTTP/1.1" 200 69094
[29/Dec/2018 09:39:50] "GET /media/SGRNJ/RandD/RD2018020/RD2018020_report/src/1.QC_mito/KTT_T.Mitopercent.png HTTP/1.1" 200 27150
[29/Dec/2018 09:39:50] "GET /media/SGRNJ/RandD/RD2018020/RD2018020_report/src/2.Cluster/KTT_T.corrplot.png HTTP/1.1" 200 18332
[29/Dec/2018 09:39:50] "GET /media/SGRNJ/RandD/RD2018020/RD2018020_report/src/1.QC_mito/KTT_T.QC_tsneFeatureplot.svg HTTP/1.1" 200 790770
[29/Dec/2018 09:39:50] "GET /media/SGRNJ/RandD/RD2018020/RD2018020_report/src/2.Cluster/KTT_T.PercentPerCell.png HTTP/1.1" 200 16557
[29/Dec/2018 09:39:50] "GET /media/SGRNJ/RandD/RD2018020/RD2018020_report/src/1.QC_mito/KTT_T.QC_umapFeatureplot.svg HTTP/1.1" 200 793974
[29/Dec/2018 09:39:50] "GET /media/SGRNJ/RandD/RD2018020/RD2018020_report/src/3.RD/KTT_T.PCA.png HTTP/1.1" 200 41753
[29/Dec/2018 09:39:50] "GET /media/SGRNJ/RandD/RD2018020/RD2018020_report/src/3.RD/KTT_T.PCElbowPlot.png HTTP/1.1" 200 11134
[29/Dec/2018 09:39:50] "GET /media/SGRNJ/RandD/RD2018020/RD2018020_report/src/3.RD/KTT_T.tsne.png HTTP/1.1" 200 56694
[29/Dec/2018 09:39:50] "GET /media/SGRNJ/RandD/RD2018020/RD2018020_report/src/3.RD/KTT_T.umap.png HTTP/1.1" 200 35651
[29/Dec/2018 09:39:51] "GET /media/SGRNJ/RandD/RD2018020/RD2018020_report/src/7.monocle/KTT_T.Pseudotime_cluster.png HTTP/1.1" 200 21622
[29/Dec/2018 09:39:51] "GET /media/SGRNJ/RandD/RD2018020/RD2018020_report/src/7.monocle/KTT_T.trajectories_cluster.png HTTP/1.1" 200 20755
[29/Dec/2018 09:39:51] "GET /media/SGRNJ/RandD/RD2018020/RD2018020_report/src/5.Marker_Gene/KTT_T.markergene_DOHeatmapplot.png HTTP/1.1" 200 19537
[29/Dec/2018 09:39:51] "GET /media/SGRNJ/RandD/RD2018020/RD2018020_report/src/5.Marker_Gene/KTT_T.cluster_Heatmapplot.png HTTP/1.1" 200 11020
[29/Dec/2018 09:39:51] "GET /media/SGRNJ/RandD/RD2018020/RD2018020_report/src/5.Marker_Gene/KTT_T.markergene_Dotplot.png HTTP/1.1" 200 22237
[29/Dec/2018 09:39:51] "GET /media/SGRNJ/RandD/RD2018020/RD2018020_report/src/5.Marker_Gene/KTT_T.markergene_vlnplot1.png HTTP/1.1" 200 34741
[29/Dec/2018 09:39:51] "GET /media/SGRNJ/RandD/RD2018020/RD2018020_report/src/5.Marker_Gene/KTT_T.top10markergene_DOHeatmapplot.png HTTP/1.1" 200 55895
[29/Dec/2018 09:39:51] "GET /media/SGRNJ/RandD/RD2018020/RD2018020_report/src/5.Marker_Gene/KTT_T.markergene_umapFeatureplot1.png HTTP/1.1" 200 47156
[29/Dec/2018 09:39:51] "GET /media/SGRNJ/RandD/RD2018020/RD2018020_report/src/5.Marker_Gene/KTT_T.markergene_tsneFeatureplot1.png HTTP/1.1" 200 73080
[29/Dec/2018 09:39:51] "GET /media/SGRNJ/RandD/RD2018020/RD2018020_report/src/6.enrich/KTT_T_cluster1_KEGGbar.svg HTTP/1.1" 200 153220
[29/Dec/2018 09:39:51] "GET /media/SGRNJ/RandD/RD2018020/RD2018020_report/src/6.enrich/KTT_T_cluster1_GObar.svg HTTP/1.1" 200 198876
[29/Dec/2018 09:39:51] "GET /media/SGRNJ/RandD/RD2018020/RD2018020_report/src/6.enrich/KTT_T_cluster1_Reactomebar.svg HTTP/1.1" 200 165829
[29/Dec/2018 09:39:51] "GET /media/SGRNJ/RandD/RD2018020/RD2018020_report/src/6.enrich/KTT_T_cluster1_GOdot.svg HTTP/1.1" 200 197840
[29/Dec/2018 09:39:51] "GET /media/SGRNJ/RandD/RD2018020/RD2018020_report/src/6.enrich/KTT_T_cluster1_Reactomedot.svg HTTP/1.1" 200 181439
[29/Dec/2018 09:39:51] "GET /media/SGRNJ/RandD/RD2018020/RD2018020_report/src/6.enrich/KTT_T_cluster1_KEGGdot.svg HTTP/1.1" 200 160672
[29/Dec/2018 09:39:51] "GET /media/SGRNJ/RandD/RD2018020/RD2018020_report/src/6.enrich/mmu00190_pathway.png HTTP/1.1" 200 105816
[29/Dec/2018 09:39:53] "GET /media/SGRNJ/RandD/RD2018020/RD2018020_report/src/2.Cluster/KTT_T.Hcluster.svg HTTP/1.1" 200 3477850
[29/Dec/2018 09:39:54] "GET /admin/lab/project/?o=2 HTTP/1.1" 200 26557
[29/Dec/2018 09:39:55] "GET /admin/lab/project/ HTTP/1.1" 200 25340
[29/Dec/2018 09:40:12] "GET /admin/lab/ HTTP/1.1" 200 2576
[29/Dec/2018 09:40:13] "GET /admin/lab/sample/ HTTP/1.1" 200 62744
[29/Dec/2018 09:40:13] "GET /admin/jsi18n/ HTTP/1.1" 200 7758
[29/Dec/2018 09:40:19] "GET /admin/lab/sample/336/change/ HTTP/1.1" 200 11640
[29/Dec/2018 09:40:19] "GET /admin/jsi18n/ HTTP/1.1" 200 7758
[29/Dec/2018 09:40:21] "GET /admin/lab/sample/ HTTP/1.1" 200 62744
[29/Dec/2018 09:41:12] "GET / HTTP/1.1" 200 52
[29/Dec/2018 09:41:14] "GET /admin/lab/sample/ HTTP/1.1" 200 62744
[29/Dec/2018 09:41:55] "GET /admin/lab/ HTTP/1.1" 200 2576
[29/Dec/2018 09:41:57] "GET /admin/lab/project/ HTTP/1.1" 200 25340
[29/Dec/2018 09:41:57] "GET /admin/jsi18n/ HTTP/1.1" 200 7758
[29/Dec/2018 09:42:10] "GET /admin/lab/project/32/change/ HTTP/1.1" 200 9696
[29/Dec/2018 09:42:10] "GET /admin/jsi18n/ HTTP/1.1" 200 7758
[29/Dec/2018 09:42:19] "POST /admin/lab/project/32/change/ HTTP/1.1" 302 0
[29/Dec/2018 09:42:20] "GET /admin/lab/project/ HTTP/1.1" 200 25562
[29/Dec/2018 09:42:20] "GET /admin/jsi18n/ HTTP/1.1" 200 7758
[29/Dec/2018 09:42:20] "GET /static/admin/img/icon-yes.svg HTTP/1.1" 200 436
[29/Dec/2018 09:42:23] "GET /admin/lab/ HTTP/1.1" 200 2576
[29/Dec/2018 09:42:25] "GET /admin/lab/sample/ HTTP/1.1" 200 62756
[29/Dec/2018 09:42:25] "GET /admin/jsi18n/ HTTP/1.1" 200 7758
[29/Dec/2018 09:42:33] "GET /admin/lab/sample/?project__id__exact=33 HTTP/1.1" 200 63376
[29/Dec/2018 09:42:33] "GET /admin/jsi18n/ HTTP/1.1" 200 7758
[29/Dec/2018 09:42:35] "GET /admin/lab/sample/?project__id__exact=32 HTTP/1.1" 200 14361
[29/Dec/2018 09:42:35] "GET /admin/jsi18n/ HTTP/1.1" 200 7758
[29/Dec/2018 09:42:46] "GET /admin/lab/ HTTP/1.1" 200 2576
[29/Dec/2018 09:42:48] "GET /admin/lab/project/ HTTP/1.1" 200 25342
[29/Dec/2018 09:42:48] "GET /admin/jsi18n/ HTTP/1.1" 200 7758
[29/Dec/2018 09:43:10] "GET /admin/lab/ HTTP/1.1" 200 2576
[29/Dec/2018 09:43:12] "GET /admin/lab/sample/ HTTP/1.1" 200 62756
[29/Dec/2018 09:43:12] "GET /admin/jsi18n/ HTTP/1.1" 200 7758
[29/Dec/2018 09:43:13] "GET /admin/lab/sample/add/ HTTP/1.1" 200 11394
[29/Dec/2018 09:43:13] "GET /admin/jsi18n/ HTTP/1.1" 200 7758
[29/Dec/2018 09:43:16] "GET /admin/lab/project/add/?_to_field=id&_popup=1 HTTP/1.1" 200 8360
[29/Dec/2018 09:43:16] "GET /admin/jsi18n/ HTTP/1.1" 200 7758
[29/Dec/2018 09:43:35] "GET /admin/lab/sample/ HTTP/1.1" 200 62756
[29/Dec/2018 09:45:20] "GET /admin/lab/ HTTP/1.1" 200 2576
[29/Dec/2018 09:45:21] "GET /admin/lab/project/ HTTP/1.1" 200 25342
[29/Dec/2018 09:45:21] "GET /admin/jsi18n/ HTTP/1.1" 200 7758
[29/Dec/2018 09:47:50] "GET /admin/lab/ HTTP/1.1" 302 0
[29/Dec/2018 09:47:50] "GET /admin/login/?next=/admin/lab/ HTTP/1.1" 200 1668
[29/Dec/2018 09:47:52] "POST /admin/login/?next=/admin/lab/ HTTP/1.1" 302 0
[29/Dec/2018 09:47:52] "GET /admin/lab/ HTTP/1.1" 200 2576
[29/Dec/2018 09:47:53] "GET /admin/lab/sample/ HTTP/1.1" 200 62756
[29/Dec/2018 09:47:53] "GET /admin/jsi18n/ HTTP/1.1" 200 7758
[29/Dec/2018 09:59:38] "GET /admin/lab/sample/ HTTP/1.1" 200 62756
[29/Dec/2018 09:59:38] "GET /admin/jsi18n/ HTTP/1.1" 200 7758
Performing system checks...

System check identified no issues (0 silenced).
December 27, 2018 - 14:15:14
Django version 1.11.10, using settings 'lab_project.settings'
Starting development server at http://0:88/
Quit the server with CONTROL-C.
[29/Dec/2018 10:00:23] "GET /admin/lab/sample/ HTTP/1.1" 200 61353
[29/Dec/2018 10:00:23] "GET /admin/jsi18n/ HTTP/1.1" 200 7758
[29/Dec/2018 10:00:31] "GET /admin/lab/sample/ HTTP/1.1" 200 61353
[29/Dec/2018 10:00:31] "GET /admin/jsi18n/ HTTP/1.1" 200 7758
Performing system checks...

System check identified no issues (0 silenced).
December 29, 2018 - 10:00:15
Django version 1.11.10, using settings 'lab_project.settings'
Starting development server at http://0:88/
Quit the server with CONTROL-C.
Internal Server Error: /admin/lab/sample/
Traceback (most recent call last):
  File "/Public/Software/conda/miniconda/envs/django1.11/lib/python2.7/site-packages/django/core/handlers/exception.py", line 41, in inner
    response = get_response(request)
  File "/Public/Software/conda/miniconda/envs/django1.11/lib/python2.7/site-packages/django/core/handlers/base.py", line 187, in _get_response
    response = self.process_exception_by_middleware(e, request)
  File "/Public/Software/conda/miniconda/envs/django1.11/lib/python2.7/site-packages/django/core/handlers/base.py", line 185, in _get_response
    response = wrapped_callback(request, *callback_args, **callback_kwargs)
  File "/Public/Software/conda/miniconda/envs/django1.11/lib/python2.7/site-packages/django/contrib/admin/options.py", line 551, in wrapper
    return self.admin_site.admin_view(view)(*args, **kwargs)
  File "/Public/Software/conda/miniconda/envs/django1.11/lib/python2.7/site-packages/django/utils/decorators.py", line 149, in _wrapped_view
    response = view_func(request, *args, **kwargs)
  File "/Public/Software/conda/miniconda/envs/django1.11/lib/python2.7/site-packages/django/views/decorators/cache.py", line 57, in _wrapped_view_func
    response = view_func(request, *args, **kwargs)
  File "/Public/Software/conda/miniconda/envs/django1.11/lib/python2.7/site-packages/django/contrib/admin/sites.py", line 224, in inner
    return view(request, *args, **kwargs)
  File "/Public/Software/conda/miniconda/envs/django1.11/lib/python2.7/site-packages/django/utils/decorators.py", line 67, in _wrapper
    return bound_func(*args, **kwargs)
  File "/Public/Software/conda/miniconda/envs/django1.11/lib/python2.7/site-packages/django/utils/decorators.py", line 149, in _wrapped_view
    response = view_func(request, *args, **kwargs)
  File "/Public/Software/conda/miniconda/envs/django1.11/lib/python2.7/site-packages/django/utils/decorators.py", line 63, in bound_func
    return func.__get__(self, type(self))(*args2, **kwargs2)
  File "/Public/Software/conda/miniconda/envs/django1.11/lib/python2.7/site-packages/django/contrib/admin/options.py", line 1542, in changelist_view
    self.list_max_show_all, self.list_editable, self,
  File "/Public/Software/conda/miniconda/envs/django1.11/lib/python2.7/site-packages/django/contrib/admin/views/main.py", line 78, in __init__
    self.queryset = self.get_queryset(request)
  File "/Public/Software/conda/miniconda/envs/django1.11/lib/python2.7/site-packages/django/contrib/admin/views/main.py", line 317, in get_queryset
    filters_use_distinct) = self.get_filters(request)
  File "/Public/Software/conda/miniconda/envs/django1.11/lib/python2.7/site-packages/django/contrib/admin/views/main.py", line 132, in get_filters
    self.model, self.model_admin, field_path=field_path
  File "/Public/Software/conda/miniconda/envs/django1.11/lib/python2.7/site-packages/django/contrib/admin/filters.py", line 165, in __init__
    other_model = get_model_from_relation(field)
  File "/Public/Software/conda/miniconda/envs/django1.11/lib/python2.7/site-packages/django/contrib/admin/utils.py", line 453, in get_model_from_relation
    raise NotRelationField
NotRelationField
[29/Dec/2018 10:01:52] "GET /admin/lab/sample/ HTTP/1.1" 500 127098
Performing system checks...

System check identified no issues (0 silenced).
December 29, 2018 - 10:01:44
Django version 1.11.10, using settings 'lab_project.settings'
Starting development server at http://0:88/
Quit the server with CONTROL-C.
[29/Dec/2018 10:02:31] "GET /admin/lab/sample/ HTTP/1.1" 200 62756
[29/Dec/2018 10:02:31] "GET /admin/jsi18n/ HTTP/1.1" 200 7758
[29/Dec/2018 10:02:49] "GET /admin/lab/ HTTP/1.1" 200 2576
[29/Dec/2018 10:02:50] "GET /admin/lab/project/ HTTP/1.1" 200 25342
[29/Dec/2018 10:02:50] "GET /admin/jsi18n/ HTTP/1.1" 200 7758
[29/Dec/2018 10:03:04] "GET /admin/lab/project/?o=2 HTTP/1.1" 200 26559
[29/Dec/2018 10:03:04] "GET /admin/jsi18n/ HTTP/1.1" 200 7758
[29/Dec/2018 10:03:43] "GET /admin/lab/project/22/change/?_changelist_filters=o%3D2 HTTP/1.1" 200 9768
[29/Dec/2018 10:03:43] "GET /admin/lab/project/22/change/?_changelist_filters=o%3D2 HTTP/1.1" 200 9768
[29/Dec/2018 10:03:43] "GET /admin/lab/project/?o=3.2 HTTP/1.1" 200 26997
[29/Dec/2018 10:03:43] "GET /admin/jsi18n/ HTTP/1.1" 200 7758
[29/Dec/2018 10:03:45] "GET /admin/lab/project/?o=-3.2 HTTP/1.1" 200 27039
[29/Dec/2018 10:03:45] "GET /admin/jsi18n/ HTTP/1.1" 200 7758
Performing system checks...

System check identified no issues (0 silenced).
December 29, 2018 - 10:02:30
Django version 1.11.10, using settings 'lab_project.settings'
Starting development server at http://0:88/
Quit the server with CONTROL-C.
Unhandled exception in thread started by <function wrapper at 0x7f1c1e99f1b8>
Traceback (most recent call last):
  File "/Public/Software/conda/miniconda/envs/django1.11/lib/python2.7/site-packages/django/utils/autoreload.py", line 228, in wrapper
    fn(*args, **kwargs)
  File "/Public/Software/conda/miniconda/envs/django1.11/lib/python2.7/site-packages/django/core/management/commands/runserver.py", line 117, in inner_run
    autoreload.raise_last_exception()
  File "/Public/Software/conda/miniconda/envs/django1.11/lib/python2.7/site-packages/django/utils/autoreload.py", line 251, in raise_last_exception
    six.reraise(*_exception)
  File "/Public/Software/conda/miniconda/envs/django1.11/lib/python2.7/site-packages/django/utils/autoreload.py", line 228, in wrapper
    fn(*args, **kwargs)
  File "/Public/Software/conda/miniconda/envs/django1.11/lib/python2.7/site-packages/django/__init__.py", line 27, in setup
    apps.populate(settings.INSTALLED_APPS)
  File "/Public/Software/conda/miniconda/envs/django1.11/lib/python2.7/site-packages/django/apps/registry.py", line 108, in populate
    app_config.import_models()
  File "/Public/Software/conda/miniconda/envs/django1.11/lib/python2.7/site-packages/django/apps/config.py", line 202, in import_models
    self.models_module = import_module(models_module_name)
  File "/Public/Software/conda/miniconda/envs/django1.11/lib/python2.7/importlib/__init__.py", line 37, in import_module
    __import__(name)
  File "/SGRNJ/Database/develop/lab/lab/models.py", line 32
    p_id+")" = models.CharField(max_length=30,blank=True)
SyntaxError: can't assign to operator
[29/Dec/2018 10:05:07] "GET /admin/lab/ HTTP/1.1" 200 2576
[29/Dec/2018 10:05:09] "GET /admin/lab/sample/ HTTP/1.1" 200 63130
[29/Dec/2018 10:05:09] "GET /admin/jsi18n/ HTTP/1.1" 200 7758
[29/Dec/2018 10:05:14] "GET /admin/lab/ HTTP/1.1" 200 2576
[29/Dec/2018 10:05:15] "GET /admin/lab/sample/ HTTP/1.1" 200 63130
[29/Dec/2018 10:05:15] "GET /admin/jsi18n/ HTTP/1.1" 200 7758
[29/Dec/2018 10:05:16] "GET /admin/lab/ HTTP/1.1" 200 2576
[29/Dec/2018 10:05:17] "GET /admin/lab/project/ HTTP/1.1" 200 25342
[29/Dec/2018 10:05:17] "GET /admin/jsi18n/ HTTP/1.1" 200 7758
[29/Dec/2018 10:05:23] "GET /admin/lab/ HTTP/1.1" 200 2576
[29/Dec/2018 10:05:24] "GET /admin/lab/sample/ HTTP/1.1" 200 63130
[29/Dec/2018 10:05:24] "GET /admin/jsi18n/ HTTP/1.1" 200 7758
[29/Dec/2018 10:05:58] "GET /admin/lab/ HTTP/1.1" 200 2576
[29/Dec/2018 10:05:59] "GET /admin/lab/sample/ HTTP/1.1" 200 63130
[29/Dec/2018 10:05:59] "GET /admin/jsi18n/ HTTP/1.1" 200 7758
[29/Dec/2018 10:06:04] "GET /admin/lab/sample/add/ HTTP/1.1" 200 11768
[29/Dec/2018 10:06:04] "GET /admin/jsi18n/ HTTP/1.1" 200 7758
[29/Dec/2018 10:06:24] "GET /admin/lab/sample/ HTTP/1.1" 200 63130
Performing system checks...

System check identified no issues (0 silenced).
December 29, 2018 - 10:05:03
Django version 1.11.10, using settings 'lab_project.settings'
Starting development server at http://0:88/
Quit the server with CONTROL-C.
[29/Dec/2018 10:07:16] "GET /admin/lab/sample/ HTTP/1.1" 200 63931
[29/Dec/2018 10:07:16] "GET /admin/jsi18n/ HTTP/1.1" 200 7758
[29/Dec/2018 10:07:54] "GET /admin/lab/sample/?q=huamn HTTP/1.1" 200 10888
[29/Dec/2018 10:07:54] "GET /admin/jsi18n/ HTTP/1.1" 200 7758
[29/Dec/2018 10:07:58] "GET /admin/lab/sample/?q=human HTTP/1.1" 200 10888
[29/Dec/2018 10:07:59] "GET /admin/jsi18n/ HTTP/1.1" 200 7758
[29/Dec/2018 10:08:00] "GET /admin/lab/sample/?q=human HTTP/1.1" 200 10888
[29/Dec/2018 10:08:00] "GET /admin/jsi18n/ HTTP/1.1" 200 7758
[29/Dec/2018 10:08:04] "GET /admin/lab/sample/?q= HTTP/1.1" 200 66825
[2018-12-29 10:08:04,171] - Broken pipe from ('192.168.1.3', 57401)

[29/Dec/2018 10:08:05] "GET /admin/lab/sample/?q= HTTP/1.1" 200 66825
[29/Dec/2018 10:08:05] "GET /admin/jsi18n/ HTTP/1.1" 200 7758
[29/Dec/2018 10:08:12] "GET /admin/lab/sample/?q=sample HTTP/1.1" 200 14156
[29/Dec/2018 10:08:12] "GET /admin/jsi18n/ HTTP/1.1" 200 7758
Performing system checks...

System check identified no issues (0 silenced).
December 29, 2018 - 10:07:15
Django version 1.11.10, using settings 'lab_project.settings'
Starting development server at http://0:88/
Quit the server with CONTROL-C.
Unhandled exception in thread started by <function wrapper at 0x7f3c347365f0>
Traceback (most recent call last):
  File "/Public/Software/conda/miniconda/envs/django1.11/lib/python2.7/site-packages/django/utils/autoreload.py", line 228, in wrapper
    fn(*args, **kwargs)
  File "/Public/Software/conda/miniconda/envs/django1.11/lib/python2.7/site-packages/django/core/management/commands/runserver.py", line 117, in inner_run
    autoreload.raise_last_exception()
  File "/Public/Software/conda/miniconda/envs/django1.11/lib/python2.7/site-packages/django/utils/autoreload.py", line 251, in raise_last_exception
    six.reraise(*_exception)
  File "/Public/Software/conda/miniconda/envs/django1.11/lib/python2.7/site-packages/django/utils/autoreload.py", line 228, in wrapper
    fn(*args, **kwargs)
  File "/Public/Software/conda/miniconda/envs/django1.11/lib/python2.7/site-packages/django/__init__.py", line 27, in setup
    apps.populate(settings.INSTALLED_APPS)
  File "/Public/Software/conda/miniconda/envs/django1.11/lib/python2.7/site-packages/django/apps/registry.py", line 116, in populate
    app_config.ready()
  File "/Public/Software/conda/miniconda/envs/django1.11/lib/python2.7/site-packages/django/contrib/admin/apps.py", line 23, in ready
    self.module.autodiscover()
  File "/Public/Software/conda/miniconda/envs/django1.11/lib/python2.7/site-packages/django/contrib/admin/__init__.py", line 26, in autodiscover
    autodiscover_modules('admin', register_to=site)
  File "/Public/Software/conda/miniconda/envs/django1.11/lib/python2.7/site-packages/django/utils/module_loading.py", line 50, in autodiscover_modules
    import_module('%s.%s' % (app_config.name, module_to_search))
  File "/Public/Software/conda/miniconda/envs/django1.11/lib/python2.7/importlib/__init__.py", line 37, in import_module
    __import__(name)
  File "/SGRNJ/Database/develop/lab/lab/admin.py", line 61, in <module>
    class SampleAdmin(admin.ModelAdmin):
  File "/SGRNJ/Database/develop/lab/lab/admin.py", line 83, in SampleAdmin
    ('sample_date'),
TypeError: 'tuple' object is not callable
[29/Dec/2018 10:09:45] "GET /admin/lab/sample/?q=sample HTTP/1.1" 200 14156
[29/Dec/2018 10:09:45] "GET /admin/jsi18n/ HTTP/1.1" 200 7758
[29/Dec/2018 10:09:53] "GET /admin/lab/sample/?q=human HTTP/1.1" 200 67646
[29/Dec/2018 10:09:53] "GET /admin/jsi18n/ HTTP/1.1" 200 7758
[29/Dec/2018 10:10:00] "GET /admin/lab/sample/?q=P2018003 HTTP/1.1" 200 15368
[29/Dec/2018 10:10:00] "GET /admin/jsi18n/ HTTP/1.1" 200 7758
[29/Dec/2018 10:10:32] "GET /admin/lab/ HTTP/1.1" 200 2576
[29/Dec/2018 10:10:34] "GET /admin/lab/sample/ HTTP/1.1" 200 63931
[29/Dec/2018 10:10:34] "GET /admin/jsi18n/ HTTP/1.1" 200 7758
[29/Dec/2018 10:10:39] "GET /admin/lab/sample/?q=%E9%AB%98%E6%9C%88 HTTP/1.1" 200 11512
[29/Dec/2018 10:10:39] "GET /admin/jsi18n/ HTTP/1.1" 200 7758
Performing system checks...

System check identified no issues (0 silenced).
December 29, 2018 - 10:09:28
Django version 1.11.10, using settings 'lab_project.settings'
Starting development server at http://0:88/
Quit the server with CONTROL-C.
Performing system checks...

System check identified no issues (0 silenced).
December 29, 2018 - 10:10:58
Django version 1.11.10, using settings 'lab_project.settings'
Starting development server at http://0:88/
Quit the server with CONTROL-C.
Performing system checks...

System check identified no issues (0 silenced).
December 29, 2018 - 10:11:08
Django version 1.11.10, using settings 'lab_project.settings'
Starting development server at http://0:88/
Quit the server with CONTROL-C.
Internal Server Error: /admin/lab/sample/
Traceback (most recent call last):
  File "/Public/Software/conda/miniconda/envs/django1.11/lib/python2.7/site-packages/django/core/handlers/exception.py", line 41, in inner
    response = get_response(request)
  File "/Public/Software/conda/miniconda/envs/django1.11/lib/python2.7/site-packages/django/core/handlers/base.py", line 187, in _get_response
    response = self.process_exception_by_middleware(e, request)
  File "/Public/Software/conda/miniconda/envs/django1.11/lib/python2.7/site-packages/django/core/handlers/base.py", line 185, in _get_response
    response = wrapped_callback(request, *callback_args, **callback_kwargs)
  File "/Public/Software/conda/miniconda/envs/django1.11/lib/python2.7/site-packages/django/contrib/admin/options.py", line 551, in wrapper
    return self.admin_site.admin_view(view)(*args, **kwargs)
  File "/Public/Software/conda/miniconda/envs/django1.11/lib/python2.7/site-packages/django/utils/decorators.py", line 149, in _wrapped_view
    response = view_func(request, *args, **kwargs)
  File "/Public/Software/conda/miniconda/envs/django1.11/lib/python2.7/site-packages/django/views/decorators/cache.py", line 57, in _wrapped_view_func
    response = view_func(request, *args, **kwargs)
  File "/Public/Software/conda/miniconda/envs/django1.11/lib/python2.7/site-packages/django/contrib/admin/sites.py", line 224, in inner
    return view(request, *args, **kwargs)
  File "/Public/Software/conda/miniconda/envs/django1.11/lib/python2.7/site-packages/django/utils/decorators.py", line 67, in _wrapper
    return bound_func(*args, **kwargs)
  File "/Public/Software/conda/miniconda/envs/django1.11/lib/python2.7/site-packages/django/utils/decorators.py", line 149, in _wrapped_view
    response = view_func(request, *args, **kwargs)
  File "/Public/Software/conda/miniconda/envs/django1.11/lib/python2.7/site-packages/django/utils/decorators.py", line 63, in bound_func
    return func.__get__(self, type(self))(*args2, **kwargs2)
  File "/Public/Software/conda/miniconda/envs/django1.11/lib/python2.7/site-packages/django/contrib/admin/options.py", line 1542, in changelist_view
    self.list_max_show_all, self.list_editable, self,
  File "/Public/Software/conda/miniconda/envs/django1.11/lib/python2.7/site-packages/django/contrib/admin/views/main.py", line 78, in __init__
    self.queryset = self.get_queryset(request)
  File "/Public/Software/conda/miniconda/envs/django1.11/lib/python2.7/site-packages/django/contrib/admin/views/main.py", line 351, in get_queryset
    qs, search_use_distinct = self.model_admin.get_search_results(request, qs, self.query)
  File "/Public/Software/conda/miniconda/envs/django1.11/lib/python2.7/site-packages/django/contrib/admin/options.py", line 910, in get_search_results
    queryset = queryset.filter(reduce(operator.or_, or_queries))
  File "/Public/Software/conda/miniconda/envs/django1.11/lib/python2.7/site-packages/django/db/models/query.py", line 784, in filter
    return self._filter_or_exclude(False, *args, **kwargs)
  File "/Public/Software/conda/miniconda/envs/django1.11/lib/python2.7/site-packages/django/db/models/query.py", line 802, in _filter_or_exclude
    clone.query.add_q(Q(*args, **kwargs))
  File "/Public/Software/conda/miniconda/envs/django1.11/lib/python2.7/site-packages/django/db/models/sql/query.py", line 1250, in add_q
    clause, _ = self._add_q(q_object, self.used_aliases)
  File "/Public/Software/conda/miniconda/envs/django1.11/lib/python2.7/site-packages/django/db/models/sql/query.py", line 1270, in _add_q
    current_negated, allow_joins, split_subq)
  File "/Public/Software/conda/miniconda/envs/django1.11/lib/python2.7/site-packages/django/db/models/sql/query.py", line 1276, in _add_q
    allow_joins=allow_joins, split_subq=split_subq,
  File "/Public/Software/conda/miniconda/envs/django1.11/lib/python2.7/site-packages/django/db/models/sql/query.py", line 1201, in build_filter
    raise FieldError('Related Field got invalid lookup: {}'.format(lookups[0]))
FieldError: Related Field got invalid lookup: icontains
[29/Dec/2018 10:13:22] "GET /admin/lab/sample/?q=%E9%AB%98%E6%9C%88 HTTP/1.1" 500 163085
Internal Server Error: /admin/lab/sample/
Traceback (most recent call last):
  File "/Public/Software/conda/miniconda/envs/django1.11/lib/python2.7/site-packages/django/core/handlers/exception.py", line 41, in inner
    response = get_response(request)
  File "/Public/Software/conda/miniconda/envs/django1.11/lib/python2.7/site-packages/django/core/handlers/base.py", line 187, in _get_response
    response = self.process_exception_by_middleware(e, request)
  File "/Public/Software/conda/miniconda/envs/django1.11/lib/python2.7/site-packages/django/core/handlers/base.py", line 185, in _get_response
    response = wrapped_callback(request, *callback_args, **callback_kwargs)
  File "/Public/Software/conda/miniconda/envs/django1.11/lib/python2.7/site-packages/django/contrib/admin/options.py", line 551, in wrapper
    return self.admin_site.admin_view(view)(*args, **kwargs)
  File "/Public/Software/conda/miniconda/envs/django1.11/lib/python2.7/site-packages/django/utils/decorators.py", line 149, in _wrapped_view
    response = view_func(request, *args, **kwargs)
  File "/Public/Software/conda/miniconda/envs/django1.11/lib/python2.7/site-packages/django/views/decorators/cache.py", line 57, in _wrapped_view_func
    response = view_func(request, *args, **kwargs)
  File "/Public/Software/conda/miniconda/envs/django1.11/lib/python2.7/site-packages/django/contrib/admin/sites.py", line 224, in inner
    return view(request, *args, **kwargs)
  File "/Public/Software/conda/miniconda/envs/django1.11/lib/python2.7/site-packages/django/utils/decorators.py", line 67, in _wrapper
    return bound_func(*args, **kwargs)
  File "/Public/Software/conda/miniconda/envs/django1.11/lib/python2.7/site-packages/django/utils/decorators.py", line 149, in _wrapped_view
    response = view_func(request, *args, **kwargs)
  File "/Public/Software/conda/miniconda/envs/django1.11/lib/python2.7/site-packages/django/utils/decorators.py", line 63, in bound_func
    return func.__get__(self, type(self))(*args2, **kwargs2)
  File "/Public/Software/conda/miniconda/envs/django1.11/lib/python2.7/site-packages/django/contrib/admin/options.py", line 1542, in changelist_view
    self.list_max_show_all, self.list_editable, self,
  File "/Public/Software/conda/miniconda/envs/django1.11/lib/python2.7/site-packages/django/contrib/admin/views/main.py", line 78, in __init__
    self.queryset = self.get_queryset(request)
  File "/Public/Software/conda/miniconda/envs/django1.11/lib/python2.7/site-packages/django/contrib/admin/views/main.py", line 351, in get_queryset
    qs, search_use_distinct = self.model_admin.get_search_results(request, qs, self.query)
  File "/Public/Software/conda/miniconda/envs/django1.11/lib/python2.7/site-packages/django/contrib/admin/options.py", line 910, in get_search_results
    queryset = queryset.filter(reduce(operator.or_, or_queries))
  File "/Public/Software/conda/miniconda/envs/django1.11/lib/python2.7/site-packages/django/db/models/query.py", line 784, in filter
    return self._filter_or_exclude(False, *args, **kwargs)
  File "/Public/Software/conda/miniconda/envs/django1.11/lib/python2.7/site-packages/django/db/models/query.py", line 802, in _filter_or_exclude
    clone.query.add_q(Q(*args, **kwargs))
  File "/Public/Software/conda/miniconda/envs/django1.11/lib/python2.7/site-packages/django/db/models/sql/query.py", line 1250, in add_q
    clause, _ = self._add_q(q_object, self.used_aliases)
  File "/Public/Software/conda/miniconda/envs/django1.11/lib/python2.7/site-packages/django/db/models/sql/query.py", line 1270, in _add_q
    current_negated, allow_joins, split_subq)
  File "/Public/Software/conda/miniconda/envs/django1.11/lib/python2.7/site-packages/django/db/models/sql/query.py", line 1276, in _add_q
    allow_joins=allow_joins, split_subq=split_subq,
  File "/Public/Software/conda/miniconda/envs/django1.11/lib/python2.7/site-packages/django/db/models/sql/query.py", line 1201, in build_filter
    raise FieldError('Related Field got invalid lookup: {}'.format(lookups[0]))
FieldError: Related Field got invalid lookup: icontains
[29/Dec/2018 10:14:28] "GET /admin/lab/sample/?q=%E9%AB%98%E6%9C%88 HTTP/1.1" 500 163085
[29/Dec/2018 10:14:29] "GET /admin/lab/ HTTP/1.1" 200 2576
[29/Dec/2018 10:14:30] "GET /admin/lab/ HTTP/1.1" 200 2576
[29/Dec/2018 10:14:31] "GET /admin/lab/sample/ HTTP/1.1" 200 63931
[29/Dec/2018 10:14:31] "GET /admin/jsi18n/ HTTP/1.1" 200 7758
Internal Server Error: /admin/lab/sample/
Traceback (most recent call last):
  File "/Public/Software/conda/miniconda/envs/django1.11/lib/python2.7/site-packages/django/core/handlers/exception.py", line 41, in inner
    response = get_response(request)
  File "/Public/Software/conda/miniconda/envs/django1.11/lib/python2.7/site-packages/django/core/handlers/base.py", line 187, in _get_response
    response = self.process_exception_by_middleware(e, request)
  File "/Public/Software/conda/miniconda/envs/django1.11/lib/python2.7/site-packages/django/core/handlers/base.py", line 185, in _get_response
    response = wrapped_callback(request, *callback_args, **callback_kwargs)
  File "/Public/Software/conda/miniconda/envs/django1.11/lib/python2.7/site-packages/django/contrib/admin/options.py", line 551, in wrapper
    return self.admin_site.admin_view(view)(*args, **kwargs)
  File "/Public/Software/conda/miniconda/envs/django1.11/lib/python2.7/site-packages/django/utils/decorators.py", line 149, in _wrapped_view
    response = view_func(request, *args, **kwargs)
  File "/Public/Software/conda/miniconda/envs/django1.11/lib/python2.7/site-packages/django/views/decorators/cache.py", line 57, in _wrapped_view_func
    response = view_func(request, *args, **kwargs)
  File "/Public/Software/conda/miniconda/envs/django1.11/lib/python2.7/site-packages/django/contrib/admin/sites.py", line 224, in inner
    return view(request, *args, **kwargs)
  File "/Public/Software/conda/miniconda/envs/django1.11/lib/python2.7/site-packages/django/utils/decorators.py", line 67, in _wrapper
    return bound_func(*args, **kwargs)
  File "/Public/Software/conda/miniconda/envs/django1.11/lib/python2.7/site-packages/django/utils/decorators.py", line 149, in _wrapped_view
    response = view_func(request, *args, **kwargs)
  File "/Public/Software/conda/miniconda/envs/django1.11/lib/python2.7/site-packages/django/utils/decorators.py", line 63, in bound_func
    return func.__get__(self, type(self))(*args2, **kwargs2)
  File "/Public/Software/conda/miniconda/envs/django1.11/lib/python2.7/site-packages/django/contrib/admin/options.py", line 1542, in changelist_view
    self.list_max_show_all, self.list_editable, self,
  File "/Public/Software/conda/miniconda/envs/django1.11/lib/python2.7/site-packages/django/contrib/admin/views/main.py", line 78, in __init__
    self.queryset = self.get_queryset(request)
  File "/Public/Software/conda/miniconda/envs/django1.11/lib/python2.7/site-packages/django/contrib/admin/views/main.py", line 351, in get_queryset
    qs, search_use_distinct = self.model_admin.get_search_results(request, qs, self.query)
  File "/Public/Software/conda/miniconda/envs/django1.11/lib/python2.7/site-packages/django/contrib/admin/options.py", line 910, in get_search_results
    queryset = queryset.filter(reduce(operator.or_, or_queries))
  File "/Public/Software/conda/miniconda/envs/django1.11/lib/python2.7/site-packages/django/db/models/query.py", line 784, in filter
    return self._filter_or_exclude(False, *args, **kwargs)
  File "/Public/Software/conda/miniconda/envs/django1.11/lib/python2.7/site-packages/django/db/models/query.py", line 802, in _filter_or_exclude
    clone.query.add_q(Q(*args, **kwargs))
  File "/Public/Software/conda/miniconda/envs/django1.11/lib/python2.7/site-packages/django/db/models/sql/query.py", line 1250, in add_q
    clause, _ = self._add_q(q_object, self.used_aliases)
  File "/Public/Software/conda/miniconda/envs/django1.11/lib/python2.7/site-packages/django/db/models/sql/query.py", line 1270, in _add_q
    current_negated, allow_joins, split_subq)
  File "/Public/Software/conda/miniconda/envs/django1.11/lib/python2.7/site-packages/django/db/models/sql/query.py", line 1276, in _add_q
    allow_joins=allow_joins, split_subq=split_subq,
  File "/Public/Software/conda/miniconda/envs/django1.11/lib/python2.7/site-packages/django/db/models/sql/query.py", line 1201, in build_filter
    raise FieldError('Related Field got invalid lookup: {}'.format(lookups[0]))
FieldError: Related Field got invalid lookup: icontains
[29/Dec/2018 10:14:36] "GET /admin/lab/sample/?q=%E9%AB%98%E6%9C%88 HTTP/1.1" 500 162950
[29/Dec/2018 10:14:40] "GET /admin/lab/sample/ HTTP/1.1" 200 63931
[29/Dec/2018 10:14:53] "GET /admin/lab/sample/add/ HTTP/1.1" 200 11768
[29/Dec/2018 10:14:53] "GET /admin/jsi18n/ HTTP/1.1" 200 7758
Performing system checks...

System check identified no issues (0 silenced).
December 29, 2018 - 10:13:22
Django version 1.11.10, using settings 'lab_project.settings'
Starting development server at http://0:88/
Quit the server with CONTROL-C.
[29/Dec/2018 10:15:35] "GET /admin/lab/sample/add/ HTTP/1.1" 200 11873
[29/Dec/2018 10:15:35] "GET /admin/jsi18n/ HTTP/1.1" 200 7758
[29/Dec/2018 10:15:49] "GET /admin/lab/sample/ HTTP/1.1" 200 64036
[29/Dec/2018 10:15:49] "GET /admin/jsi18n/ HTTP/1.1" 200 7758
Performing system checks...

System check identified no issues (0 silenced).
December 29, 2018 - 10:15:34
Django version 1.11.10, using settings 'lab_project.settings'
Starting development server at http://0:88/
Quit the server with CONTROL-C.
[29/Dec/2018 10:16:04] "GET /admin/lab/sample/ HTTP/1.1" 200 64036
[29/Dec/2018 10:16:04] "GET /admin/lab/sample/ HTTP/1.1" 200 64036
[29/Dec/2018 10:16:04] "GET /admin/lab/sample/ HTTP/1.1" 200 64036
[29/Dec/2018 10:16:04] "GET /admin/jsi18n/ HTTP/1.1" 200 7758
[29/Dec/2018 10:16:07] "GET /admin/lab/sample/?q=%E9%AB%98%E6%9C%88 HTTP/1.1" 200 11617
[29/Dec/2018 10:16:08] "GET /admin/jsi18n/ HTTP/1.1" 200 7758
Performing system checks...

System check identified no issues (0 silenced).
December 29, 2018 - 10:16:02
Django version 1.11.10, using settings 'lab_project.settings'
Starting development server at http://0:88/
Quit the server with CONTROL-C.
Unhandled exception in thread started by <function wrapper at 0x7ff05a1bd5f0>
Traceback (most recent call last):
  File "/Public/Software/conda/miniconda/envs/django1.11/lib/python2.7/site-packages/django/utils/autoreload.py", line 228, in wrapper
    fn(*args, **kwargs)
  File "/Public/Software/conda/miniconda/envs/django1.11/lib/python2.7/site-packages/django/core/management/commands/runserver.py", line 117, in inner_run
    autoreload.raise_last_exception()
  File "/Public/Software/conda/miniconda/envs/django1.11/lib/python2.7/site-packages/django/utils/autoreload.py", line 251, in raise_last_exception
    six.reraise(*_exception)
  File "/Public/Software/conda/miniconda/envs/django1.11/lib/python2.7/site-packages/django/utils/autoreload.py", line 228, in wrapper
    fn(*args, **kwargs)
  File "/Public/Software/conda/miniconda/envs/django1.11/lib/python2.7/site-packages/django/__init__.py", line 27, in setup
    apps.populate(settings.INSTALLED_APPS)
  File "/Public/Software/conda/miniconda/envs/django1.11/lib/python2.7/site-packages/django/apps/registry.py", line 116, in populate
    app_config.ready()
  File "/Public/Software/conda/miniconda/envs/django1.11/lib/python2.7/site-packages/django/contrib/admin/apps.py", line 23, in ready
    self.module.autodiscover()
  File "/Public/Software/conda/miniconda/envs/django1.11/lib/python2.7/site-packages/django/contrib/admin/__init__.py", line 26, in autodiscover
    autodiscover_modules('admin', register_to=site)
  File "/Public/Software/conda/miniconda/envs/django1.11/lib/python2.7/site-packages/django/utils/module_loading.py", line 50, in autodiscover_modules
    import_module('%s.%s' % (app_config.name, module_to_search))
  File "/Public/Software/conda/miniconda/envs/django1.11/lib/python2.7/importlib/__init__.py", line 37, in import_module
    __import__(name)
  File "/SGRNJ/Database/develop/lab/lab/admin.py", line 61, in <module>
    class SampleAdmin(admin.ModelAdmin):
  File "/SGRNJ/Database/develop/lab/lab/admin.py", line 84, in SampleAdmin
    search_fields = ['name','sample_date','library_id','description','species','project__p_id','library_type',created_by__last_name]
NameError: name 'created_by__last_name' is not defined
[29/Dec/2018 10:18:08] "GET /admin/lab/sample/?q=%E9%AB%98%E6%9C%88 HTTP/1.1" 200 14981
[29/Dec/2018 10:18:08] "GET /admin/jsi18n/ HTTP/1.1" 200 7758
[29/Dec/2018 10:18:14] "GET /admin/lab/sample/?q=%E9%AB%98%E6%9C%88 HTTP/1.1" 200 14981
[29/Dec/2018 10:18:14] "GET /admin/jsi18n/ HTTP/1.1" 200 7758
[29/Dec/2018 10:18:24] "GET /admin/lab/sample/?q=%E9%AB%98%E6%9C%88 HTTP/1.1" 200 14981
[29/Dec/2018 10:18:25] "GET /admin/jsi18n/ HTTP/1.1" 200 7758
[29/Dec/2018 10:18:26] "GET /admin/lab/ HTTP/1.1" 200 2576
[29/Dec/2018 10:18:28] "GET /admin/lab/sample/ HTTP/1.1" 200 64036
[29/Dec/2018 10:18:28] "GET /admin/jsi18n/ HTTP/1.1" 200 7758
[29/Dec/2018 10:18:45] "GET /admin/lab/sample/?q=P2018003 HTTP/1.1" 200 15473
[29/Dec/2018 10:18:45] "GET /admin/jsi18n/ HTTP/1.1" 200 7758
[29/Dec/2018 10:18:54] "GET /admin/lab/ HTTP/1.1" 200 2576
[29/Dec/2018 10:18:56] "GET /admin/lab/project/ HTTP/1.1" 200 25342
[29/Dec/2018 10:18:56] "GET /admin/jsi18n/ HTTP/1.1" 200 7758
[29/Dec/2018 10:18:59] "GET /admin/lab/ HTTP/1.1" 200 2576
[29/Dec/2018 10:19:00] "GET /admin/lab/sample/ HTTP/1.1" 200 64036
[29/Dec/2018 10:19:00] "GET /admin/jsi18n/ HTTP/1.1" 200 7758
